<?xml version="1.0" encoding="UTF-8"?>
<!-- Generated by org.testng.reporters.JUnitReportReporter -->
<testsuite hostname="5CG7084560" failures="0" tests="1" name="OpernSource.Automation.Tests.Test" time="0.216" errors="0" timestamp="2021-11-25T18:30:08 SGT" skipped="0">
  <testcase classname="OpernSource.Automation.Tests.Test" name="verifyLogin" time="0.216"/>
  <system-out/>
</testsuite> <!-- OpernSource.Automation.Tests.Test -->
