<?xml version="1.0" encoding="UTF-8"?>
<!-- Generated by org.testng.reporters.JUnitReportReporter -->
<testsuite hostname="5CG7084560" failures="0" tests="10" name="OpenSource.Automation.Tests.Test.TestSetup" time="9.854" errors="0" timestamp="2021-11-26T00:53:52 SGT" skipped="0">
  <testcase classname="OpenSource.Automation.Tests.Test.TestSetup" name="launchLogin" time="9.306"/>
  <system-out/>
  <testcase classname="OpenSource.Automation.Tests.Test.TestSetup" name="verifyMarketInsights" time="0.053"/>
  <system-out/>
  <testcase classname="OpenSource.Automation.Tests.Test.TestSetup" name="verifySearchBox" time="0.040"/>
  <system-out/>
  <testcase classname="OpenSource.Automation.Tests.Test.TestSetup" name="verifyReports" time="0.054"/>
  <system-out/>
  <testcase classname="OpenSource.Automation.Tests.Test.TestSetup" name="verifyFeedback" time="0.082"/>
  <system-out/>
  <testcase classname="OpenSource.Automation.Tests.Test.TestSetup" name="verifyInvestorEducation" time="0.056"/>
  <system-out/>
  <testcase classname="OpenSource.Automation.Tests.Test.TestSetup" name="verifyLogo" time="0.041"/>
  <system-out/>
  <testcase classname="OpenSource.Automation.Tests.Test.TestSetup" name="verifyLogin" time="0.046"/>
  <system-out/>
  <testcase classname="OpenSource.Automation.Tests.Test.TestSetup" name="verifyCustomerService" time="0.120"/>
  <system-out/>
  <testcase classname="OpenSource.Automation.Tests.Test.TestSetup" name="verifyFundSolution" time="0.056"/>
  <system-out/>
</testsuite> <!-- OpenSource.Automation.Tests.Test.TestSetup -->
