<?xml version="1.0" encoding="UTF-8"?>
<!-- Generated by org.testng.reporters.JUnitReportReporter -->
<testsuite hostname="LT-JKUOK-WG" failures="0" tests="10" name="OpenSource.Automation.Tests.Test.TestSetup" time="5.706" errors="0" timestamp="2021-11-27T17:15:18 MYT" skipped="0">
  <testcase classname="OpenSource.Automation.Tests.Test.TestSetup" name="verifyLogin" time="0.038"/>
  <system-out/>
  <testcase classname="OpenSource.Automation.Tests.Test.TestSetup" name="verifyInvestorEducation" time="0.034"/>
  <system-out/>
  <testcase classname="OpenSource.Automation.Tests.Test.TestSetup" name="verifyMarketInsights" time="0.037"/>
  <system-out/>
  <testcase classname="OpenSource.Automation.Tests.Test.TestSetup" name="verifySearchBox" time="0.031"/>
  <system-out/>
  <testcase classname="OpenSource.Automation.Tests.Test.TestSetup" name="launchLogin" time="5.358"/>
  <system-out/>
  <testcase classname="OpenSource.Automation.Tests.Test.TestSetup" name="verifyLogo" time="0.031"/>
  <system-out/>
  <testcase classname="OpenSource.Automation.Tests.Test.TestSetup" name="verifyReports" time="0.037"/>
  <system-out/>
  <testcase classname="OpenSource.Automation.Tests.Test.TestSetup" name="verifyCustomerService" time="0.046"/>
  <system-out/>
  <testcase classname="OpenSource.Automation.Tests.Test.TestSetup" name="verifyFeedback" time="0.058"/>
  <system-out/>
  <testcase classname="OpenSource.Automation.Tests.Test.TestSetup" name="verifyFundSolution" time="0.036"/>
  <system-out/>
</testsuite> <!-- OpenSource.Automation.Tests.Test.TestSetup -->
